<?xml version="1.0" encoding="UTF-8"?>
<!-- Generated by org.testng.reporters.JUnitReportReporter -->
<testsuite hostname="Welcome-Chotu" failures="0" tests="1" name="Org.TestPackage.TC_AddToCart_001_Test" time="6.860" errors="0" timestamp="2026-02-03T11:15:45 IST" skipped="0">
  <testcase classname="Org.TestPackage.TC_AddToCart_001_Test" name="addTocart" time="6.860">
    <system-out>
      <![CDATA[[TestCase addTocart Has Started]
[TestCase addTocart Has Successfully executed]]]>
    </system-out>
  </testcase> <!-- addTocart -->
  <system-out>
    <![CDATA[<test> Surefire test Has Started
[TestCase addTocart Has Started]
[TestCase addTocart Has Successfully executed]
[TestCase removeproduct Has Started]
Product is removed from cart!
[TestCase removeproduct Has Successfully executed]]]>
  </system-out>
</testsuite> <!-- Org.TestPackage.TC_AddToCart_001_Test -->
