<?xml version="1.0" encoding="UTF-8"?>
<testng-results ignored="0" total="2" passed="2" failed="0" skipped="0">
  <reporter-output>
    <line>
      <![CDATA[<test> Surefire test Has Started]]>
    </line>
    <line>
      <![CDATA[[TestCase addTocart Has Started]]]>
    </line>
    <line>
      <![CDATA[[TestCase addTocart Has Successfully executed]]]>
    </line>
    <line>
      <![CDATA[[TestCase removeproduct Has Started]]]>
    </line>
    <line>
      <![CDATA[Product is removed from cart!]]>
    </line>
    <line>
      <![CDATA[[TestCase removeproduct Has Successfully executed]]]>
    </line>
  </reporter-output>
  <suite started-at="2026-02-03T11:14:49 IST" name="Surefire suite" finished-at="2026-02-03T11:15:45 IST" duration-ms="56105">
    <groups>
    </groups>
    <test started-at="2026-02-03T11:14:49 IST" name="Surefire test" finished-at="2026-02-03T11:15:45 IST" duration-ms="56105">
      <class name="Org.TestPackage.TC_RemoveProductFromCart_002_Test">
        <test-method is-config="true" signature="browserStep()[pri:0, instance:Org.TestPackage.TC_RemoveProductFromCart_002_Test@475e586c]" started-at="2026-02-03T11:15:13 IST" name="browserStep" finished-at="2026-02-03T11:15:21 IST" duration-ms="7363" status="PASS">
          <reporter-output>
          </reporter-output>
        </test-method> <!-- browserStep -->
        <test-method is-config="true" signature="login()[pri:0, instance:Org.TestPackage.TC_RemoveProductFromCart_002_Test@475e586c]" started-at="2026-02-03T11:15:21 IST" name="login" finished-at="2026-02-03T11:15:21 IST" duration-ms="932" status="PASS">
          <reporter-output>
          </reporter-output>
        </test-method> <!-- login -->
        <test-method signature="removeproduct()[pri:0, instance:Org.TestPackage.TC_RemoveProductFromCart_002_Test@475e586c]" started-at="2026-02-03T11:15:21 IST" name="removeproduct" finished-at="2026-02-03T11:15:43 IST" duration-ms="21154" status="PASS">
          <reporter-output>
            <line>
              <![CDATA[[TestCase removeproduct Has Started]]]>
            </line>
            <line>
              <![CDATA[Product is removed from cart!]]>
            </line>
            <line>
              <![CDATA[[TestCase removeproduct Has Successfully executed]]]>
            </line>
          </reporter-output>
        </test-method> <!-- removeproduct -->
        <test-method is-config="true" signature="Logout()[pri:0, instance:Org.TestPackage.TC_RemoveProductFromCart_002_Test@475e586c]" started-at="2026-02-03T11:15:43 IST" name="Logout" finished-at="2026-02-03T11:15:44 IST" duration-ms="1753" status="PASS">
          <reporter-output>
          </reporter-output>
        </test-method> <!-- Logout -->
        <test-method is-config="true" signature="closeBrowser()[pri:0, instance:Org.TestPackage.TC_RemoveProductFromCart_002_Test@475e586c]" started-at="2026-02-03T11:15:44 IST" name="closeBrowser" finished-at="2026-02-03T11:15:45 IST" duration-ms="315" status="PASS">
          <reporter-output>
          </reporter-output>
        </test-method> <!-- closeBrowser -->
      </class> <!-- Org.TestPackage.TC_RemoveProductFromCart_002_Test -->
      <class name="Org.TestPackage.TC_AddToCart_001_Test">
        <test-method is-config="true" signature="browserStep()[pri:0, instance:Org.TestPackage.TC_AddToCart_001_Test@78b1cc93]" started-at="2026-02-03T11:14:49 IST" name="browserStep" finished-at="2026-02-03T11:15:06 IST" duration-ms="17192" status="PASS">
          <reporter-output>
          </reporter-output>
        </test-method> <!-- browserStep -->
        <test-method is-config="true" signature="login()[pri:0, instance:Org.TestPackage.TC_AddToCart_001_Test@78b1cc93]" started-at="2026-02-03T11:15:06 IST" name="login" finished-at="2026-02-03T11:15:09 IST" duration-ms="2701" status="PASS">
          <reporter-output>
          </reporter-output>
        </test-method> <!-- login -->
        <test-method signature="addTocart()[pri:0, instance:Org.TestPackage.TC_AddToCart_001_Test@78b1cc93]" started-at="2026-02-03T11:15:09 IST" name="addTocart" finished-at="2026-02-03T11:15:12 IST" duration-ms="2992" status="PASS">
          <reporter-output>
            <line>
              <![CDATA[[TestCase addTocart Has Started]]]>
            </line>
            <line>
              <![CDATA[[TestCase addTocart Has Successfully executed]]]>
            </line>
          </reporter-output>
        </test-method> <!-- addTocart -->
        <test-method is-config="true" signature="Logout()[pri:0, instance:Org.TestPackage.TC_AddToCart_001_Test@78b1cc93]" started-at="2026-02-03T11:15:12 IST" name="Logout" finished-at="2026-02-03T11:15:13 IST" duration-ms="1167" status="PASS">
          <reporter-output>
          </reporter-output>
        </test-method> <!-- Logout -->
        <test-method is-config="true" signature="closeBrowser()[pri:0, instance:Org.TestPackage.TC_AddToCart_001_Test@78b1cc93]" started-at="2026-02-03T11:15:13 IST" name="closeBrowser" finished-at="2026-02-03T11:15:13 IST" duration-ms="188" status="PASS">
          <reporter-output>
          </reporter-output>
        </test-method> <!-- closeBrowser -->
      </class> <!-- Org.TestPackage.TC_AddToCart_001_Test -->
    </test> <!-- Surefire test -->
  </suite> <!-- Surefire suite -->
</testng-results>
